12/19/03 10:19:57 - Inform: FLAG: ow = True
12/19/03 10:19:57 - Inform: NAME: Van_Gogh
12/19/03 10:19:57 - Inform: NAME: Van_Gogh
12/19/03 10:19:57 - Inform: Adding: Van_Gogh\Arles_Irises.jpg as Van_Gogh\Arles_Irises.jpg
12/19/03 10:19:57 - Inform: Added to PakFile: Van_Gogh\Arles_Irises.jpg
12/19/03 10:19:57 - Inform: Adding: Van_Gogh\Cordeville.jpg as Van_Gogh\Cordeville.jpg
12/19/03 10:19:57 - Inform: Added to PakFile: Van_Gogh\Cordeville.jpg
12/19/03 10:19:57 - Inform: Adding: Van_Gogh\First_Steps.jpg as Van_Gogh\First_Steps.jpg
12/19/03 10:19:57 - Inform: Added to PakFile: Van_Gogh\First_Steps.jpg
12/19/03 10:19:57 - Inform: Adding: Van_Gogh\Flower_Beds_Holland.jpg as Van_Gogh\Flower_Beds_Holland.jpg
12/19/03 10:19:57 - Inform: Added to PakFile: Van_Gogh\Flower_Beds_Holland.jpg
12/19/03 10:19:57 - Inform: Adding: Van_Gogh\Irises.jpg as Van_Gogh\Irises.jpg
12/19/03 10:19:57 - Inform: Added to PakFile: Van_Gogh\Irises.jpg
12/19/03 10:19:57 - Inform: Adding: Van_Gogh\Irises_Pink_Green.jpg as Van_Gogh\Irises_Pink_Green.jpg
12/19/03 10:19:57 - Inform: Added to PakFile: Van_Gogh\Irises_Pink_Green.jpg
12/19/03 10:19:57 - Inform: Adding: Van_Gogh\Old_Vineyard.jpg as Van_Gogh\Old_Vineyard.jpg
12/19/03 10:19:57 - Inform: Added to PakFile: Van_Gogh\Old_Vineyard.jpg
12/19/03 10:19:57 - Inform: Adding: Van_Gogh\Orchard_Plum_Trees.jpg as Van_Gogh\Orchard_Plum_Trees.jpg
12/19/03 10:19:57 - Inform: Added to PakFile: Van_Gogh\Orchard_Plum_Trees.jpg
12/19/03 10:19:57 - Inform: Adding: Van_Gogh\Red_Vineyard.jpg as Van_Gogh\Red_Vineyard.jpg
12/19/03 10:19:57 - Inform: Added to PakFile: Van_Gogh\Red_Vineyard.jpg
12/19/03 10:19:57 - Inform: Added to PakFile: __manifest.tmp
12/19/03 10:19:58 - Inform: done.
