01/06/07 14:32:22 - Inform: Puzzle Me This! version 1.0.12 DEMO
01/06/07 14:32:22 - Inform: Built 01/09/04 20:34:03
01/06/07 14:32:22 - Inform: Width: 640, Height: 480, Bpp: 0, Type: SDL, Flags: 0x80000000
01/06/07 14:32:22 - Inform: HW Available: 1
01/06/07 14:32:22 - Inform: Accelerated HW->HW Blits: 1
01/06/07 14:32:22 - Inform: Accelerated HW->HW Colorkey Blits: 1
01/06/07 14:32:22 - Inform: Accelerated HW->HW ALPHA Blits: 0
01/06/07 14:32:22 - Inform: Accelerated SW->HW Blits: 1
01/06/07 14:32:22 - Inform: Accelerated SW->HW Colorkey Blits: 1
01/06/07 14:32:22 - Inform: Accelerated SW->HW ALPHA Blits: 0
01/06/07 14:32:22 - Inform: Accelerated Fills :1
01/06/07 14:32:23 - Inform: Screen is SW surface
01/06/07 14:32:23 - Inform: Rmask 00ff0000
01/06/07 14:32:23 - Inform: Gmask 0000ff00
01/06/07 14:32:23 - Inform: Bmask 000000ff
01/06/07 14:32:23 - Inform: Amask 00000000
01/06/07 14:32:23 - Inform: SDLDisplay created.
01/06/07 14:32:24 - *Error: images\UI\ScrollUp.png - file not found
01/06/07 14:32:24 - *Error: Failed to load "images\UI\ScrollUp.png"
01/06/07 14:32:24 - *Error: images\UI\ScrollDown.png - file not found
01/06/07 14:32:24 - *Error: Failed to load "images\UI\ScrollDown.png"
01/06/07 14:32:24 - *Error: images\UI\ScrollSlider.png - file not found
01/06/07 14:32:24 - *Error: Failed to load "images\UI\ScrollSlider.png"
01/06/07 14:32:24 - Inform: Loaded: Demo.picpak
01/06/07 14:32:27 - *Error: Timer - Millis invalid (-22)
01/06/07 14:32:27 - *Error: Timer - Millis invalid (0)
01/06/07 14:32:36 - Inform: picture is: Demo\Jet_Plane_Cockpit.jpg
