09/14/03 09:26:55 - Inform: SDLDisplay created.
09/14/03 09:27:11 - Inform: 
09/14/03 09:27:11 - Inform: Time Report
09/14/03 09:27:11 - Inform: -----------------------
09/14/03 09:27:11 - Inform: drawing    : 058
09/14/03 09:27:11 - Inform: network    : 000
09/14/03 09:27:11 - Inform: input      : 000
09/14/03 09:27:11 - Inform: timer      : 181
09/14/03 09:27:11 - Inform: coroutine  : 019
09/14/03 09:27:11 - Inform: -----------------------
09/14/03 09:27:11 - Inform: TOTAL      :0260
09/14/03 09:27:15 - Inform: 
09/14/03 09:27:15 - Inform: Time Report
09/14/03 09:27:15 - Inform: -----------------------
09/14/03 09:27:15 - Inform: drawing    : 054
09/14/03 09:27:15 - Inform: network    : 000
09/14/03 09:27:15 - Inform: input      : 000
09/14/03 09:27:15 - Inform: timer      : 158
09/14/03 09:27:15 - Inform: coroutine  : 018
09/14/03 09:27:15 - Inform: -----------------------
09/14/03 09:27:15 - Inform: TOTAL      :0229
09/14/03 09:27:15 - Inform: 
09/14/03 09:27:15 - Inform: Time Report
09/14/03 09:27:15 - Inform: -----------------------
09/14/03 09:27:15 - Inform: drawing    : 057
09/14/03 09:27:15 - Inform: network    : 000
09/14/03 09:27:15 - Inform: input      : 000
09/14/03 09:27:15 - Inform: timer      : 159
09/14/03 09:27:15 - Inform: coroutine  : 019
09/14/03 09:27:15 - Inform: -----------------------
09/14/03 09:27:15 - Inform: TOTAL      :0233
